<?xml version="1.0" encoding="UTF-8"?>
<!-- Generated by org.testng.reporters.JUnitReportReporter -->
<testsuite hostname="DESKTOP-PN8A6NR" failures="0" tests="1" name="sdet.Scrollpage" time="15.233" errors="0" timestamp="2022-07-04T17:06:03 IST" skipped="0">
  <testcase classname="sdet.Scrollpage" name="scroll" time="15.233"/>
  <system-out/>
</testsuite> <!-- sdet.Scrollpage -->
