<?xml version="1.0" encoding="UTF-8"?>
<!-- Generated by org.testng.reporters.JUnitReportReporter -->
<testsuite hostname="DESKTOP-PN8A6NR" failures="0" tests="1" name="sdet.httpcirteficate" time="4.645" errors="0" timestamp="2022-07-04T11:12:02 IST" skipped="0">
  <testcase classname="sdet.httpcirteficate" name="handlehttpcertification" time="4.645"/>
  <system-out/>
</testsuite> <!-- sdet.httpcirteficate -->
