<?xml version="1.0" encoding="UTF-8"?>
<!-- Generated by org.testng.reporters.JUnitReportReporter -->
<testsuite hostname="DESKTOP-PN8A6NR" failures="0" tests="1" name="sdet.Cmptablegrideres" time="8.661" errors="0" timestamp="2022-07-04T13:16:48 IST" skipped="0">
  <testcase classname="sdet.Cmptablegrideres" name="scroll" time="8.661"/>
  <system-out/>
</testsuite> <!-- sdet.Cmptablegrideres -->
